<?xml version="1.0" encoding="UTF-8"?>
<!-- Generated by org.testng.reporters.JUnitReportReporter -->
<testsuite skipped="0" hostname="DESKTOP-5NIFL4P" name="jsonobjectsandarrayswithinresponse.dynamicjsonloadwithparameters" tests="1" failures="0" timestamp="2020-04-06T12:18:11 IST" time="4.832" errors="0">
  <testcase name="addbook" time="4.832" classname="jsonobjectsandarrayswithinresponse.dynamicjsonloadwithparameters"/>
</testsuite> <!-- jsonobjectsandarrayswithinresponse.dynamicjsonloadwithparameters -->
