<?xml version="1.0" encoding="UTF-8"?>
<!-- Generated by org.testng.reporters.JUnitReportReporter -->
<testsuite skipped="0" hostname="DESKTOP-5NIFL4P" name="testng.multibtest" tests="3" failures="0" timestamp="2020-03-25T17:45:28 IST" time="114.933" errors="0">
  <testcase name="executSessionThree" time="37.583" classname="testng.multibtest"/>
  <system-out/>
  <testcase name="executeSessionTwo" time="39.767" classname="testng.multibtest"/>
  <system-out/>
  <testcase name="executSessionOne" time="37.583" classname="testng.multibtest"/>
  <system-out/>
</testsuite> <!-- testng.multibtest -->
